<?xml version="1.0" encoding="UTF-8"?>
<coverage generated="1554335076981" clover="3.2.0">
  <project timestamp="1554335076981" name="All files">
    <metrics statements="6" coveredstatements="5" conditionals="0" coveredconditionals="0" methods="3" coveredmethods="3" elements="9" coveredelements="8" complexity="0" loc="6" ncloc="6" packages="2" files="7" classes="7"/>
    <package name="src">
      <metrics statements="1" coveredstatements="0" conditionals="0" coveredconditionals="0" methods="0" coveredmethods="0"/>
      <file name="index.jsx" path="/Users/peterr/Documents/HackReactor/reservations-module/client/src/index.jsx">
        <metrics statements="1" coveredstatements="0" conditionals="0" coveredconditionals="0" methods="0" coveredmethods="0"/>
        <line num="5" count="0" type="stmt"/>
      </file>
    </package>
    <package name="src.components">
      <metrics statements="5" coveredstatements="5" conditionals="0" coveredconditionals="0" methods="3" coveredmethods="3"/>
      <file name="App.jsx" path="/Users/peterr/Documents/HackReactor/reservations-module/client/src/components/App.jsx">
        <metrics statements="3" coveredstatements="3" conditionals="0" coveredconditionals="0" methods="2" coveredmethods="2"/>
        <line num="6" count="1" type="stmt"/>
        <line num="7" count="1" type="stmt"/>
        <line num="15" count="1" type="stmt"/>
      </file>
      <file name="Calendar.jsx" path="/Users/peterr/Documents/HackReactor/reservations-module/client/src/components/Calendar.jsx">
        <metrics statements="0" coveredstatements="0" conditionals="0" coveredconditionals="0" methods="0" coveredmethods="0"/>
      </file>
      <file name="Datepicker.jsx" path="/Users/peterr/Documents/HackReactor/reservations-module/client/src/components/Datepicker.jsx">
        <metrics statements="0" coveredstatements="0" conditionals="0" coveredconditionals="0" methods="0" coveredmethods="0"/>
      </file>
      <file name="FindReservation.jsx" path="/Users/peterr/Documents/HackReactor/reservations-module/client/src/components/FindReservation.jsx">
        <metrics statements="0" coveredstatements="0" conditionals="0" coveredconditionals="0" methods="0" coveredmethods="0"/>
      </file>
      <file name="PartySize.jsx" path="/Users/peterr/Documents/HackReactor/reservations-module/client/src/components/PartySize.jsx">
        <metrics statements="2" coveredstatements="2" conditionals="0" coveredconditionals="0" methods="1" coveredmethods="1"/>
        <line num="3" count="1" type="stmt"/>
        <line num="4" count="1" type="stmt"/>
      </file>
      <file name="ReserveTime.jsx" path="/Users/peterr/Documents/HackReactor/reservations-module/client/src/components/ReserveTime.jsx">
        <metrics statements="0" coveredstatements="0" conditionals="0" coveredconditionals="0" methods="0" coveredmethods="0"/>
      </file>
    </package>
  </project>
</coverage>
