{"/Users/peterr/Documents/HackReactor/reservations-module/client/src/index.jsx": {"path":"/Users/peterr/Documents/HackReactor/reservations-module/client/src/index.jsx","statementMap":{"0":{"start":{"line":5,"column":0},"end":{"line":8,"column":2}}},"fnMap":{},"branchMap":{},"s":{"0":0},"f":{},"b":{}}
,"/Users/peterr/Documents/HackReactor/reservations-module/client/src/components/App.jsx": {"path":"/Users/peterr/Documents/HackReactor/reservations-module/client/src/components/App.jsx","statementMap":{"0":{"start":{"line":6,"column":4},"end":{"line":6,"column":17}},"1":{"start":{"line":7,"column":4},"end":{"line":11,"column":5}},"2":{"start":{"line":15,"column":4},"end":{"line":23,"column":5}}},"fnMap":{"0":{"name":"(anonymous_0)","decl":{"start":{"line":5,"column":2},"end":{"line":5,"column":3}},"loc":{"start":{"line":5,"column":21},"end":{"line":12,"column":3}},"line":5},"1":{"name":"(anonymous_1)","decl":{"start":{"line":14,"column":2},"end":{"line":14,"column":3}},"loc":{"start":{"line":14,"column":11},"end":{"line":24,"column":3}},"line":14}},"branchMap":{},"s":{"0":1,"1":1,"2":1},"f":{"0":1,"1":1},"b":{},"_coverageSchema":"43e27e138ebf9cfc5966b082cf9a028302ed4184","hash":"38ba50a9f1278f90c08c254be21d8154c5832411"}
,"/Users/peterr/Documents/HackReactor/reservations-module/client/src/components/Calendar.jsx": {"path":"/Users/peterr/Documents/HackReactor/reservations-module/client/src/components/Calendar.jsx","statementMap":{},"fnMap":{},"branchMap":{},"s":{},"f":{},"b":{}}
,"/Users/peterr/Documents/HackReactor/reservations-module/client/src/components/Datepicker.jsx": {"path":"/Users/peterr/Documents/HackReactor/reservations-module/client/src/components/Datepicker.jsx","statementMap":{},"fnMap":{},"branchMap":{},"s":{},"f":{},"b":{}}
,"/Users/peterr/Documents/HackReactor/reservations-module/client/src/components/FindReservation.jsx": {"path":"/Users/peterr/Documents/HackReactor/reservations-module/client/src/components/FindReservation.jsx","statementMap":{},"fnMap":{},"branchMap":{},"s":{},"f":{},"b":{}}
,"/Users/peterr/Documents/HackReactor/reservations-module/client/src/components/PartySize.jsx": {"path":"/Users/peterr/Documents/HackReactor/reservations-module/client/src/components/PartySize.jsx","statementMap":{"0":{"start":{"line":3,"column":18},"end":{"line":33,"column":1}},"1":{"start":{"line":4,"column":2},"end":{"line":32,"column":8}}},"fnMap":{"0":{"name":"(anonymous_0)","decl":{"start":{"line":3,"column":18},"end":{"line":3,"column":19}},"loc":{"start":{"line":4,"column":2},"end":{"line":32,"column":8}},"line":4}},"branchMap":{},"s":{"0":1,"1":1},"f":{"0":1},"b":{},"_coverageSchema":"43e27e138ebf9cfc5966b082cf9a028302ed4184","hash":"0856ad4abab6bb9aec1cfc46c6a6fc70cfb8ef33"}
,"/Users/peterr/Documents/HackReactor/reservations-module/client/src/components/ReserveTime.jsx": {"path":"/Users/peterr/Documents/HackReactor/reservations-module/client/src/components/ReserveTime.jsx","statementMap":{},"fnMap":{},"branchMap":{},"s":{},"f":{},"b":{}}
}
