{"/Users/peterr/Documents/HackReactor/reservations-module/client/src/index.jsx": {"path":"/Users/peterr/Documents/HackReactor/reservations-module/client/src/index.jsx","statementMap":{"0":{"start":{"line":5,"column":0},"end":{"line":8,"column":2}}},"fnMap":{},"branchMap":{},"s":{"0":0},"f":{},"b":{}}
,"/Users/peterr/Documents/HackReactor/reservations-module/client/src/components/App.jsx": {"path":"/Users/peterr/Documents/HackReactor/reservations-module/client/src/components/App.jsx","statementMap":{"0":{"start":{"line":5,"column":4},"end":{"line":5,"column":17}},"1":{"start":{"line":6,"column":4},"end":{"line":9,"column":5}},"2":{"start":{"line":13,"column":4},"end":{"line":21,"column":5}}},"fnMap":{"0":{"name":"(anonymous_0)","decl":{"start":{"line":4,"column":2},"end":{"line":4,"column":3}},"loc":{"start":{"line":4,"column":21},"end":{"line":10,"column":3}},"line":4},"1":{"name":"(anonymous_1)","decl":{"start":{"line":12,"column":2},"end":{"line":12,"column":3}},"loc":{"start":{"line":12,"column":11},"end":{"line":22,"column":3}},"line":12}},"branchMap":{},"s":{"0":1,"1":1,"2":1},"f":{"0":1,"1":1},"b":{},"_coverageSchema":"43e27e138ebf9cfc5966b082cf9a028302ed4184","hash":"7a0f4c5a8a4563707f98d549961325fc0353ac37"}
,"/Users/peterr/Documents/HackReactor/reservations-module/client/src/components/Calendar.jsx": {"path":"/Users/peterr/Documents/HackReactor/reservations-module/client/src/components/Calendar.jsx","statementMap":{},"fnMap":{},"branchMap":{},"s":{},"f":{},"b":{}}
,"/Users/peterr/Documents/HackReactor/reservations-module/client/src/components/FindReservation.jsx": {"path":"/Users/peterr/Documents/HackReactor/reservations-module/client/src/components/FindReservation.jsx","statementMap":{},"fnMap":{},"branchMap":{},"s":{},"f":{},"b":{}}
,"/Users/peterr/Documents/HackReactor/reservations-module/client/src/components/PartySize.jsx": {"path":"/Users/peterr/Documents/HackReactor/reservations-module/client/src/components/PartySize.jsx","statementMap":{},"fnMap":{},"branchMap":{},"s":{},"f":{},"b":{}}
,"/Users/peterr/Documents/HackReactor/reservations-module/client/src/components/ReserveTime.jsx": {"path":"/Users/peterr/Documents/HackReactor/reservations-module/client/src/components/ReserveTime.jsx","statementMap":{},"fnMap":{},"branchMap":{},"s":{},"f":{},"b":{}}
}
