TN:
SF:/Users/peterr/Documents/HackReactor/reservations-module/client/src/index.jsx
FNF:0
FNH:0
DA:5,0
LF:1
LH:0
BRF:0
BRH:0
end_of_record
TN:
SF:/Users/peterr/Documents/HackReactor/reservations-module/client/src/components/App.jsx
FN:4,(anonymous_0)
FN:12,(anonymous_1)
FNF:2
FNH:2
FNDA:1,(anonymous_0)
FNDA:1,(anonymous_1)
DA:5,1
DA:6,1
DA:13,1
LF:3
LH:3
BRF:0
BRH:0
end_of_record
TN:
SF:/Users/peterr/Documents/HackReactor/reservations-module/client/src/components/Calendar.jsx
FNF:0
FNH:0
LF:0
LH:0
BRF:0
BRH:0
end_of_record
TN:
SF:/Users/peterr/Documents/HackReactor/reservations-module/client/src/components/FindReservation.jsx
FNF:0
FNH:0
LF:0
LH:0
BRF:0
BRH:0
end_of_record
TN:
SF:/Users/peterr/Documents/HackReactor/reservations-module/client/src/components/PartySize.jsx
FNF:0
FNH:0
LF:0
LH:0
BRF:0
BRH:0
end_of_record
TN:
SF:/Users/peterr/Documents/HackReactor/reservations-module/client/src/components/ReserveTime.jsx
FNF:0
FNH:0
LF:0
LH:0
BRF:0
BRH:0
end_of_record
